Using pre-set license
Built from '2020.3/staging' branch; Version is '2020.3.25f1 (9b9180224418) revision 10195328'; Using compiler version '192528614'; Build Type 'Release'
OS: 'Windows 10  (10.0.19044) 64bit Professional' Language: 'es' Physical Memory: 32720 MB
BatchMode: 1, IsHumanControllingUs: 0, StartBugReporterOnCrash: 0, Is64bit: 1, IsPro: 0

COMMAND LINE ARGUMENTS:
D:\Unity\2020.3.25f1\Editor\Unity.exe
-adb2
-batchMode
-noUpm
-name
AssetImportWorker0
-projectPath
C:/Users/gerga/Documents/GitHub/LaForja/LaForja
-logFile
Logs/AssetImportWorker0.log
-srvPort
64860
Successfully changed project path to: C:/Users/gerga/Documents/GitHub/LaForja/LaForja
C:/Users/gerga/Documents/GitHub/LaForja/LaForja
Using Asset Import Pipeline V2.
Refreshing native plugins compatible for Editor in 83.81 ms, found 2 plugins.
Preloading 0 native plugins for Editor in 0.00 ms.
Initialize engine version: 2020.3.25f1 (9b9180224418)
[Subsystems] Discovering subsystems at path D:/Unity/2020.3.25f1/Editor/Data/Resources/UnitySubsystems
[Subsystems] Discovering subsystems at path C:/Users/gerga/Documents/GitHub/LaForja/LaForja/Assets
GfxDevice: creating device client; threaded=0
Direct3D:
    Version:  Direct3D 11.0 [level 11.1]
    Renderer: NVIDIA GeForce GTX 1070 (ID=0x1b81)
    Vendor:   
    VRAM:     8088 MB
    Driver:   30.0.14.9729
Initialize mono
Mono path[0] = 'D:/Unity/2020.3.25f1/Editor/Data/Managed'
Mono path[1] = 'D:/Unity/2020.3.25f1/Editor/Data/MonoBleedingEdge/lib/mono/unityjit'
Mono config path = 'D:/Unity/2020.3.25f1/Editor/Data/MonoBleedingEdge/etc'
Using monoOptions --debugger-agent=transport=dt_socket,embedding=1,server=y,suspend=n,address=127.0.0.1:56912
Begin MonoManager ReloadAssembly
Registering precompiled unity dll's ...
Register platform support module: D:/Unity/2020.3.25f1/Editor/Data/PlaybackEngines/WebGLSupport/UnityEditor.WebGL.Extensions.dll
Register platform support module: D:/Unity/2020.3.25f1/Editor/Data/PlaybackEngines/WindowsStandaloneSupport/UnityEditor.WindowsStandalone.Extensions.dll
Registered in 0.001802 seconds.
Native extension for WindowsStandalone target not found
Native extension for WebGL target not found
Refreshing native plugins compatible for Editor in 78.21 ms, found 2 plugins.
Preloading 0 native plugins for Editor in 0.00 ms.
Mono: successfully reloaded assembly
- Completed reload, in  0.814 seconds
Domain Reload Profiling:
	ReloadAssembly (814ms)
		BeginReloadAssembly (72ms)
			ExecutionOrderSort (0ms)
			DisableScriptedObjects (0ms)
			BackupInstance (0ms)
			ReleaseScriptingObjects (0ms)
			CreateAndSetChildDomain (1ms)
		EndReloadAssembly (649ms)
			LoadAssemblies (71ms)
			RebuildTransferFunctionScriptingTraits (0ms)
			SetupTypeCache (217ms)
			ReleaseScriptCaches (0ms)
			RebuildScriptCaches (39ms)
			SetupLoadedEditorAssemblies (263ms)
				LogAssemblyErrors (0ms)
				InitializePlatformSupportModulesInManaged (8ms)
				SetLoadedEditorAssemblies (0ms)
				RefreshPlugins (78ms)
				BeforeProcessingInitializeOnLoad (20ms)
				ProcessInitializeOnLoadAttributes (119ms)
				ProcessInitializeOnLoadMethodAttributes (38ms)
				AfterProcessingInitializeOnLoad (0ms)
				EditorAssembliesLoaded (0ms)
			ExecutionOrderSort2 (0ms)
			AwakeInstancesAfterBackupRestoration (0ms)
Platform modules already initialized, skipping
Registering precompiled user dll's ...
Registered in 0.007558 seconds.
Begin MonoManager ReloadAssembly
Native extension for WindowsStandalone target not found
Native extension for WebGL target not found
Refreshing native plugins compatible for Editor in 80.92 ms, found 2 plugins.
Preloading 0 native plugins for Editor in 0.00 ms.
Mono: successfully reloaded assembly
- Completed reload, in  1.653 seconds
Domain Reload Profiling:
	ReloadAssembly (1654ms)
		BeginReloadAssembly (184ms)
			ExecutionOrderSort (0ms)
			DisableScriptedObjects (7ms)
			BackupInstance (0ms)
			ReleaseScriptingObjects (0ms)
			CreateAndSetChildDomain (23ms)
		EndReloadAssembly (1390ms)
			LoadAssemblies (122ms)
			RebuildTransferFunctionScriptingTraits (0ms)
			SetupTypeCache (474ms)
			ReleaseScriptCaches (1ms)
			RebuildScriptCaches (73ms)
			SetupLoadedEditorAssemblies (547ms)
				LogAssemblyErrors (0ms)
				InitializePlatformSupportModulesInManaged (6ms)
				SetLoadedEditorAssemblies (0ms)
				RefreshPlugins (81ms)
				BeforeProcessingInitializeOnLoad (131ms)
				ProcessInitializeOnLoadAttributes (313ms)
				ProcessInitializeOnLoadMethodAttributes (11ms)
				AfterProcessingInitializeOnLoad (3ms)
				EditorAssembliesLoaded (0ms)
			ExecutionOrderSort2 (0ms)
			AwakeInstancesAfterBackupRestoration (9ms)
Platform modules already initialized, skipping
========================================================================
Worker process is ready to serve import requests
Launched and connected shader compiler UnityShaderCompiler.exe after 0.13 seconds
Refreshing native plugins compatible for Editor in 0.76 ms, found 2 plugins.
Preloading 0 native plugins for Editor in 0.00 ms.
Unloading 3019 Unused Serialized files (Serialized files now loaded: 0)
System memory in use before: 135.5 MB.
System memory in use after: 135.7 MB.

Unloading 21 unused Assets to reduce memory usage. Loaded Objects now: 3454.
Total: 4.635700 ms (FindLiveObjects: 0.344700 ms CreateObjectMapping: 0.113100 ms MarkObjects: 4.061900 ms  DeleteObjects: 0.113600 ms)

AssetImportParameters requested are different than current active one (requested -> active):
  custom:framework-win-MediaFoundation: 216162199b28c13a410421893ffa2e32 -> 
  custom:video-decoder-ogg-theora: a1e56fd34408186e4bbccfd4996cb3dc -> 
  custom:container-muxer-webm: aa71ff27fc2769a1b78a27578f13a17b -> 
  custom:container-demuxer-webm: 4f35f7cbe854078d1ac9338744f61a02 -> 
  custom:container-demuxer-ogg: 62fdf1f143b41e24485cea50d1cbac27 -> 
  custom:video-encoder-webm-vp8: eb34c28f22e8b96e1ab97ce403110664 -> 
  custom:video-decoder-webm-vp8: 9c59270c3fd7afecdb556c50c9e8de78 -> 
  custom:audio-decoder-ogg-vorbis: bf7c407c2cedff20999df2af8eb42d56 -> 
  custom:audio-encoder-webm-vorbis: bf7c407c2cedff20999df2af8eb42d56 -> 
========================================================================
Received Import Request.
  path: Assets/Readme.asset
  artifactKey: Guid(83c2ed844a8c74b779a4c823d16594b1) Importer(815301076,1909f56bfc062723c751e8b465ee728b)
Start importing Assets/Readme.asset using Guid(83c2ed844a8c74b779a4c823d16594b1) Importer(815301076,1909f56bfc062723c751e8b465ee728b)  -> (artifact id: '8ffd2c44ffeb50c574abb5d0c4453328') in 0.050719 seconds 
  Import took 0.057679 seconds .

========================================================================
Received Import Request.
  Time since last request: 24.056888 seconds.
  path: Assets/HUDS
  artifactKey: Guid(550781d729b282d43b670681afb3ee01) Importer(815301076,1909f56bfc062723c751e8b465ee728b)
Start importing Assets/HUDS using Guid(550781d729b282d43b670681afb3ee01) Importer(815301076,1909f56bfc062723c751e8b465ee728b)  -> (artifact id: '9fd6cec56f7afaa3cd364221805f9820') in 0.014459 seconds 
  Import took 0.022714 seconds .

========================================================================
Received Import Request.
  Time since last request: 0.128017 seconds.
  path: Assets/HUDS/#monedas.png
  artifactKey: Guid(e4740669ad7c4624c9fc7e5842112892) Importer(815301076,1909f56bfc062723c751e8b465ee728b)
Start importing Assets/HUDS/#monedas.png using Guid(e4740669ad7c4624c9fc7e5842112892) Importer(815301076,1909f56bfc062723c751e8b465ee728b)  -> (artifact id: 'd1d1fb2260d2f4da4aaff1d7268a9519') in 0.221417 seconds 
  Import took 0.232950 seconds .

========================================================================
Received Import Request.
  Time since last request: 0.000559 seconds.
  path: Assets/HUDS/monedas.png
  artifactKey: Guid(dc70236e0f627ff499dda40930aa49ac) Importer(815301076,1909f56bfc062723c751e8b465ee728b)
Start importing Assets/HUDS/monedas.png using Guid(dc70236e0f627ff499dda40930aa49ac) Importer(815301076,1909f56bfc062723c751e8b465ee728b)  -> (artifact id: 'c72f890497bc2b7f441d4be5869eab10') in 0.064823 seconds 
  Import took 0.074105 seconds .

========================================================================
Received Import Request.
  Time since last request: 0.000271 seconds.
  path: Assets/HUDS/contenedor_tiempo.png
  artifactKey: Guid(d6bf59013514d59448d080c2b8444c1f) Importer(815301076,1909f56bfc062723c751e8b465ee728b)
Start importing Assets/HUDS/contenedor_tiempo.png using Guid(d6bf59013514d59448d080c2b8444c1f) Importer(815301076,1909f56bfc062723c751e8b465ee728b)  -> (artifact id: '2b32e05b394a508935cb66340bef6dde') in 0.058762 seconds 
  Import took 0.066928 seconds .

========================================================================
Received Import Request.
  Time since last request: 0.000535 seconds.
  path: Assets/HUDS/Color_temperatura .png
  artifactKey: Guid(d9a2f0b0b8e48f24faab408bd9c13c38) Importer(815301076,1909f56bfc062723c751e8b465ee728b)
Start importing Assets/HUDS/Color_temperatura .png using Guid(d9a2f0b0b8e48f24faab408bd9c13c38) Importer(815301076,1909f56bfc062723c751e8b465ee728b)  -> (artifact id: 'aebf8baae08632155c2e732f8da00e70') in 0.062362 seconds 
  Import took 0.072505 seconds .

========================================================================
Received Import Request.
  Time since last request: 0.000382 seconds.
  path: Assets/HUDS/play.png
  artifactKey: Guid(c8390d3252e72b146abc41f14deaca96) Importer(815301076,1909f56bfc062723c751e8b465ee728b)
Start importing Assets/HUDS/play.png using Guid(c8390d3252e72b146abc41f14deaca96) Importer(815301076,1909f56bfc062723c751e8b465ee728b)  -> (artifact id: '678af4a3ddcb39e70a5c72a58212429c') in 0.061390 seconds 
  Import took 0.071648 seconds .

========================================================================
Received Import Request.
  Time since last request: 0.001701 seconds.
  path: Assets/HUDS/flecha2.png
  artifactKey: Guid(739bd45a3bc6c2f4ba32b8a7cb98af0f) Importer(815301076,1909f56bfc062723c751e8b465ee728b)
Start importing Assets/HUDS/flecha2.png using Guid(739bd45a3bc6c2f4ba32b8a7cb98af0f) Importer(815301076,1909f56bfc062723c751e8b465ee728b)  -> (artifact id: '123e4f36d761988d8c9c33d4063476fe') in 0.045263 seconds 
  Import took 0.055094 seconds .

========================================================================
Received Import Request.
  Time since last request: 0.000842 seconds.
  path: Assets/HUDS/id_jugador .png
  artifactKey: Guid(5fa00ec2ee22e29498dd3c75fc341423) Importer(815301076,1909f56bfc062723c751e8b465ee728b)
Start importing Assets/HUDS/id_jugador .png using Guid(5fa00ec2ee22e29498dd3c75fc341423) Importer(815301076,1909f56bfc062723c751e8b465ee728b)  -> (artifact id: '0650d8a2aa8c580637aaa3e9fa39fbb1') in 0.054308 seconds 
  Import took 0.065345 seconds .

========================================================================
Received Import Request.
  Time since last request: 0.000217 seconds.
  path: Assets/HUDS/tiempo .png
  artifactKey: Guid(d30260d54008bc7449096efb6513fd08) Importer(815301076,1909f56bfc062723c751e8b465ee728b)
Start importing Assets/HUDS/tiempo .png using Guid(d30260d54008bc7449096efb6513fd08) Importer(815301076,1909f56bfc062723c751e8b465ee728b)  -> (artifact id: '459eafef0093fae3ff5a8f897087746c') in 0.059695 seconds 
  Import took 0.070729 seconds .

========================================================================
Received Import Request.
  Time since last request: 0.000398 seconds.
  path: Assets/HUDS/nombre_ID.png
  artifactKey: Guid(3a32f3039b064504395f6de07591a388) Importer(815301076,1909f56bfc062723c751e8b465ee728b)
Start importing Assets/HUDS/nombre_ID.png using Guid(3a32f3039b064504395f6de07591a388) Importer(815301076,1909f56bfc062723c751e8b465ee728b)  -> (artifact id: 'f7431cb99edb3530e82c6158a7665ea3') in 0.058225 seconds 
  Import took 0.070362 seconds .

========================================================================
Received Import Request.
  Time since last request: 0.000966 seconds.
  path: Assets/HUDS/flecha.png
  artifactKey: Guid(76fbd319c213a6d469b7166cdee53fbd) Importer(815301076,1909f56bfc062723c751e8b465ee728b)
Start importing Assets/HUDS/flecha.png using Guid(76fbd319c213a6d469b7166cdee53fbd) Importer(815301076,1909f56bfc062723c751e8b465ee728b)  -> (artifact id: 'f23792c8cc7999f7f24f1b2357de617a') in 0.048837 seconds 
  Import took 0.058429 seconds .

========================================================================
Received Import Request.
  Time since last request: 0.004108 seconds.
  path: Assets/HUDS/indicador_temperatura .png
  artifactKey: Guid(703fa8abefe832147a5767979667b7db) Importer(815301076,1909f56bfc062723c751e8b465ee728b)
Start importing Assets/HUDS/indicador_temperatura .png using Guid(703fa8abefe832147a5767979667b7db) Importer(815301076,1909f56bfc062723c751e8b465ee728b)  -> (artifact id: '7c002ee85f0d2f1ba2801c0e88472fa0') in 0.053806 seconds 
  Import took 0.065212 seconds .

AssetImportWorkerClient::OnTransportError - code=2 error=End of file
